<PUSH>
item < : 0x100300230 0x1002000e0 Lorem
</PUSH>
<PUSH>
item < : 0x100300250 0x100100340 ipsum
</PUSH>
<PUSH>
item < : 0x100300270 0x100300290 dolor
</PUSH>
<PUSH>
item < : 0x100102060 0x100100350 sit
</PUSH>
<PUSH>
item < : 0x1003002a0 0x1003002c0 amet,
</PUSH>
<PUSH>
item < : 0x1002000f0 0x100200110 consectetur
</PUSH>
<PUSH>
item < : 0x100102080 0x1001028b0 adipiscing
</PUSH>
<PUSH>
item < : 0x100200120 0x100200140 elit.
</PUSH>
<PUSH>
item < : 0x1003002d0 0x1003002f0 Vestibulum
</PUSH>
<PUSH>
item < : 0x100400050 0x100400070 elit
</PUSH>
<srch>
up [0]0x100300230
dn [10]0x0
</srch>
<srch>
up [1]0x100300250
dn [9]0x100300230
</srch>
<srch>
up [2]0x100300270
dn [8]0x100300250
</srch>
<srch>
up [3]0x100102060
dn [7]0x100300270
</srch>
<srch>
up [4]0x1003002a0
dn [6]0x100102060
</srch>
<srch>
up [5]0x1002000f0
dn [5]0x1003002a0
</srch>
<srch>
up [6]0x100102080
dn [4]0x1002000f0
</srch>
<srch>
up [7]0x100200120
dn [3]0x100102080
</srch>
<srch>
up [8]0x1003002d0
dn [2]0x100200120
</srch>
<srch>
up [9]0x100400050
dn [1]0x1003002d0
</srch>
<srch>
up [10]0x0
dn [0]0x100400050
</srch>
item ~ : 0x100400050 0x100400070 elit
item ~ : 0x1003002d0 0x1003002f0 Vestibulum
item ~ : 0x100200120 0x100200140 elit.
item ~ : 0x100102080 0x1001028b0 adipiscing
item ~ : 0x1002000f0 0x100200110 consectetur
item ~ : 0x1003002a0 0x1003002c0 amet,
item ~ : 0x100102060 0x100100350 sit
item ~ : 0x100300270 0x100300290 dolor
item ~ : 0x100300250 0x100100340 ipsum
item ~ : 0x100300230 0x1002000e0 Lorem
