
>BEGIN<
p:0x7fcecb500010 l:0x7fcecb500030 [i:0x7fffa661000f o:0x7fff6d29fc33] Lorem
p:0x7fcecb500040 l:0x7fcecb500060 [i:0xc o:0x0] ipsum
p:0x7fcecb500070 l:0x7fcecb500090 [i:0x9 o:0x0] dolor
p:0x7fcecb5000c0 l:0x7fcecb500000 [i:0x4 o:0x0] sit
p:0x7fcecb5000e0 l:0x7fcecb500100 [i:0x2 o:0x2000000000000] amet,
p:0x7fcecb5000a0 l:0x7fcecb500140 [i:0x7fcecb500070 o:0x7fcecb5000c0] consectetur
p:0x7fcecb500150 l:0x7fcecb500170 [i:0x0 o:0x0] adipiscing
p:0x7fcecb5001c0 l:0x7fcecb5001e0 [i:0x0 o:0x0] elit.
p:0x7fcecb5001f0 l:0x7fcecb500210 [i:0x0 o:0x0] Vestibulum
p:0x7fcecb500110 l:0x7fcecb500130 [i:0x7fcecb500003 o:0x7fcecb5000c0] elit
>END<
>BEGIN<
p:0x7fcecb500010 l:0x7fcecb500270 [i:0x7fffa661000f o:0x7fff6d29fc33] nisl,
p:0x7fcecb500040 l:0x7fcecb500060 [i:0xc o:0x0] ipsum
p:0x7fcecb500070 l:0x7fcecb500280 [i:0x9 o:0x0] eu
p:0x7fcecb5000c0 l:0x7fcecb500000 [i:0x4 o:0x0] sit
p:0x7fcecb5000e0 l:0x7fcecb500290 [i:0x2 o:0x2000000000000] eu,
p:0x7fcecb5000a0 l:0x7fcecb500140 [i:0x7fcecb500070 o:0x7fcecb5000c0] consectetur
p:0x7fcecb500150 l:0x7fcecb5002a0 [i:0x0 o:0x0] porta
p:0x7fcecb5001c0 l:0x7fcecb5001e0 [i:0x0 o:0x0] elit.
p:0x7fcecb5001f0 l:0x7fcecb5002b0 [i:0x0 o:0x0] Aenean
p:0x7fcecb500110 l:0x7fcecb500130 [i:0x7fcecb500003 o:0x7fcecb5000c0] elit
>END<