
memmory allocation head
memmory allocation tail
item < : 0x7ff24ac02830 0x7ff24ac02870 Lorem
item < : 0x7ff24ac02850 0x7ff24ac02880 ipsum
item < : 0x7ff24ac02890 0x7ff24ac028b0 dolor
item < : 0x7ff24ac028c0 0x7ff24ac028e0 sit
item < : 0x7ff24ac028f0 0x7ff24ac02910 amet,
item < : 0x7ff24ac02930 0x7ff24ac02920 consectetur
item < : 0x7ff24ac02950 0x7ff24ac02970 adipiscing
item < : 0x7ff24ac02980 0x7ff24ac029a0 elit.
item < : 0x7ff24ac029b0 0x7ff24ac029d0 Vestibulum
item < : 0x7ff24ac029e0 0x7ff24ac02a00 elit
item < : 0x7ff24ac02a10 0x7ff24ac02a30 nisl,
item < : 0x7ff24ac02a40 0x7ff24ac02a60 varius
item < : 0x7ff24ac02a70 0x7ff24ac02a90 eu
item < : 0x7ff24ac02aa0 0x7ff24ac02ac0 ipsum
item < : 0x7ff24ac02ad0 0x7ff24ac02af0 eu,
item < : 0x7ff24ac02b00 0x7ff24ac02b20 accumsan
item < : 0x7ff24ac02b30 0x7ff24ac02b50 porta
item < : 0x7ff24ac02b60 0x7ff24ac02b80 mi.
item < : 0x7ff24ac02b90 0x7ff24ac02bb0 Aenean
item < : 0x7ff24ac02bc0 0x7ff24ac02be0 nulla
item < : 0x7ff24ac02bf0 0x7ff24ac02c10 dolor,
item < : 0x7ff24ac02c20 0x7ff24ac02c40 lobortis
item < : 0x7ff24ac02c50 0x7ff24ac02c70 quis
item < : 0x7ff24ac02c80 0x7ff24ac02ca0 porttitor
item < : 0x7ff24ac02cb0 0x7ff24ac02cd0 nec,
item < : 0x7ff24ac02ce0 0x7ff24ac02d00 rutrum
item < : 0x7ff24ac02d10 0x7ff24ac02d30 eu
item < : 0x7ff24ac02d40 0x7ff24ac02d60 erat.
item < : 0x7ff24ac02d70 0x7ff24ac02d90 Curabitur
item < : 0x7ff24ac02da0 0x7ff24ac02dc0 rhoncus
item < : 0x7ff24ac02dd0 0x7ff24ac02df0 facilisis
item < : 0x7ff24ac02e00 0x7ff24ac02e20 massa
item < : 0x7ff24ac02e30 0x7ff24ac02e50 vel
item < : 0x7ff24ac02e60 0x7ff24ac02e80 eleifend.
item < : 0x7ff24ac02e90 0x7ff24ac02eb0 Sed
item < : 0x7ff24ac02ec0 0x7ff24ac02ee0 ut
item < : 0x7ff24ac02ef0 0x7ff24ac02f10 felis
item < : 0x7ff24ac02f20 0x7ff24ac02f40 ipsum.
item < : 0x7ff24ac02f50 0x7ff24ac02f70 Etiam
item < : 0x7ff24ac02f80 0x7ff24ac02fa0 eu
item < : 0x7ff24ac02fb0 0x7ff24ac02fd0 tempor
item < : 0x7ff24ac02fe0 0x7ff24ac03000 nisi.
item < : 0x7ff24ac03010 0x7ff24ac03030 Donec
item < : 0x7ff24ac03040 0x7ff24ac03060 quis
item < : 0x7ff24ac03070 0x7ff24ac03090 nisl
item < : 0x7ff24ac030a0 0x7ff24ac030c0 eget
item < : 0x7ff24ac030d0 0x7ff24ac030f0 dui
item < : 0x7ff24ac03100 0x7ff24ac03120 volutpat
item < : 0x7ff24ac03130 0x7ff24ac03150 facilisis
item < : 0x7ff24ac03160 0x7ff24ac03180 sit
item < : 0x7ff24ac03190 0x7ff24ac031b0 amet
item < : 0x7ff24ac031c0 0x7ff24ac031e0 vel
item < : 0x7ff24ac031f0 0x7ff24ac03210 magna.
item < : 0x7ff24ac03220 0x7ff24ac03240 Fusce
item < : 0x7ff24ac03250 0x7ff24ac03270 erat
item < : 0x7ff24ac03280 0x7ff24ac032a0 nisi,
item < : 0x7ff24ac032b0 0x7ff24ac032d0 ultricies
item < : 0x7ff24ac032e0 0x7ff24ac03300 vitae
item < : 0x7ff24ac03310 0x7ff24ac03330 metus
item < : 0x7ff24ac03340 0x7ff24ac03360 in,
item < : 0x7ff24ac03370 0x7ff24ac03390 laoreet
item < : 0x7ff24ac033a0 0x7ff24ac033c0 varius
item < : 0x7ff24ac033d0 0x7ff24ac033f0 orci.
item < : 0x7ff24ac03400 0x7ff24ac03420 Nulla
item < : 0x7ff24ac03430 0x7ff24ac03450 sed
item < : 0x7ff24ac03460 0x7ff24ac03480 velit
item < : 0x7ff24ac03490 0x7ff24ac034b0 et
item < : 0x7ff24ac034c0 0x7ff24ac034e0 orci
item < : 0x7ff24ac034f0 0x7ff24ac03510 ullamcorper
item < : 0x7ff24ac03520 0x7ff24ac03540 pharetra.
item < : 0x7ff24ac03550 0x7ff24ac03570 In
item < : 0x7ff24ac03580 0x7ff24ac035a0 egestas
item < : 0x7ff24ac035b0 0x7ff24ac035d0 sapien
item < : 0x7ff24ac035e0 0x7ff24ac03600 semper
item < : 0x7ff24ac03610 0x7ff24ac03630 lobortis
item < : 0x7ff24ac03640 0x7ff24ac03660 malesuada.
item < : 0x7ff24ac03670 0x7ff24ac03690 Vivamus
item < : 0x7ff24ac036a0 0x7ff24ac036c0 vitae
item < : 0x7ff24ac036d0 0x7ff24ac036f0 dolor
item < : 0x7ff24ac03700 0x7ff24ac03720 sed
item < : 0x7ff24ac03730 0x7ff24ac03750 odio
item < : 0x7ff24ac03760 0x7ff24ac03780 iaculis
item < : 0x7ff24ac03790 0x7ff24ac037b0 volutpat.
item < : 0x7ff24ac037c0 0x7ff24ac037e0 Nam
item < : 0x7ff24ac037f0 0x7ff24ac03810 dapibus
item < : 0x7ff24ac03820 0x7ff24ac03840 magna
item < : 0x7ff24ac03850 0x7ff24ac03870 quis
item < : 0x7ff24ac03880 0x7ff24ac038a0 sodales
item < : 0x7ff24ac038b0 0x7ff24ac038d0 sodales.
item < : 0x7ff24ac038e0 0x7ff24ac03900 Integer
item < : 0x7ff24ac03910 0x7ff24ac03930 pellentesque,
item < : 0x7ff24ac03940 0x7ff24ac03960 arcu
item < : 0x7ff24ac03970 0x7ff24ac03990 et
item < : 0x7ff24ac039a0 0x7ff24ac039c0 scelerisque
item < : 0x7ff24ac039d0 0x7ff24ac039f0 convallis,
item < : 0x7ff24ac03a00 0x7ff24ac03a20 ex
item < : 0x7ff24ac03a30 0x7ff24ac03a50 orci
item < : 0x7ff24ac03a60 0x7ff24ac03a80 scelerisque
item < : 0x7ff24ac03a90 0x7ff24ac03ab0 mi,
item < : 0x7ff24ac03ac0 0x7ff24ac03ae0 non
<srch>
strlist $ [0]0x7ff24ac02830
strlist $ [100]0x0
</srch>
<srch>
strlist $ [1]0x7ff24ac02850
strlist $ [99]0x7ff24ac02830
</srch>
<srch>
strlist $ [2]0x7ff24ac02890
strlist $ [98]0x7ff24ac02850
</srch>
<srch>
strlist $ [3]0x7ff24ac028c0
strlist $ [97]0x7ff24ac02890
</srch>
<srch>
strlist $ [4]0x7ff24ac028f0
strlist $ [96]0x7ff24ac028c0
</srch>
<srch>
strlist $ [5]0x7ff24ac02930
strlist $ [95]0x7ff24ac028f0
</srch>
<srch>
strlist $ [6]0x7ff24ac02950
strlist $ [94]0x7ff24ac02930
</srch>
<srch>
strlist $ [7]0x7ff24ac02980
strlist $ [93]0x7ff24ac02950
</srch>
<srch>
strlist $ [8]0x7ff24ac029b0
strlist $ [92]0x7ff24ac02980
</srch>
<srch>
strlist $ [9]0x7ff24ac029e0
strlist $ [91]0x7ff24ac029b0
</srch>
<srch>
strlist $ [10]0x7ff24ac02a10
strlist $ [90]0x7ff24ac029e0
</srch>
<srch>
strlist $ [11]0x7ff24ac02a40
strlist $ [89]0x7ff24ac02a10
</srch>
<srch>
strlist $ [12]0x7ff24ac02a70
strlist $ [88]0x7ff24ac02a40
</srch>
<srch>
strlist $ [13]0x7ff24ac02aa0
strlist $ [87]0x7ff24ac02a70
</srch>
<srch>
strlist $ [14]0x7ff24ac02ad0
strlist $ [86]0x7ff24ac02aa0
</srch>
<srch>
strlist $ [15]0x7ff24ac02b00
strlist $ [85]0x7ff24ac02ad0
</srch>
<srch>
strlist $ [16]0x7ff24ac02b30
strlist $ [84]0x7ff24ac02b00
</srch>
<srch>
strlist $ [17]0x7ff24ac02b60
strlist $ [83]0x7ff24ac02b30
</srch>
<srch>
strlist $ [18]0x7ff24ac02b90
strlist $ [82]0x7ff24ac02b60
</srch>
<srch>
strlist $ [19]0x7ff24ac02bc0
strlist $ [81]0x7ff24ac02b90
</srch>
<srch>
strlist $ [20]0x7ff24ac02bf0
strlist $ [80]0x7ff24ac02bc0
</srch>
<srch>
strlist $ [21]0x7ff24ac02c20
strlist $ [79]0x7ff24ac02bf0
</srch>
<srch>
strlist $ [22]0x7ff24ac02c50
strlist $ [78]0x7ff24ac02c20
</srch>
<srch>
strlist $ [23]0x7ff24ac02c80
strlist $ [77]0x7ff24ac02c50
</srch>
<srch>
strlist $ [24]0x7ff24ac02cb0
strlist $ [76]0x7ff24ac02c80
</srch>
<srch>
strlist $ [25]0x7ff24ac02ce0
strlist $ [75]0x7ff24ac02cb0
</srch>
<srch>
strlist $ [26]0x7ff24ac02d10
strlist $ [74]0x7ff24ac02ce0
</srch>
<srch>
strlist $ [27]0x7ff24ac02d40
strlist $ [73]0x7ff24ac02d10
</srch>
<srch>
strlist $ [28]0x7ff24ac02d70
strlist $ [72]0x7ff24ac02d40
</srch>
<srch>
strlist $ [29]0x7ff24ac02da0
strlist $ [71]0x7ff24ac02d70
</srch>
<srch>
strlist $ [30]0x7ff24ac02dd0
strlist $ [70]0x7ff24ac02da0
</srch>
<srch>
strlist $ [31]0x7ff24ac02e00
strlist $ [69]0x7ff24ac02dd0
</srch>
<srch>
strlist $ [32]0x7ff24ac02e30
strlist $ [68]0x7ff24ac02e00
</srch>
<srch>
strlist $ [33]0x7ff24ac02e60
strlist $ [67]0x7ff24ac02e30
</srch>
<srch>
strlist $ [34]0x7ff24ac02e90
strlist $ [66]0x7ff24ac02e60
</srch>
<srch>
strlist $ [35]0x7ff24ac02ec0
strlist $ [65]0x7ff24ac02e90
</srch>
<srch>
strlist $ [36]0x7ff24ac02ef0
strlist $ [64]0x7ff24ac02ec0
</srch>
<srch>
strlist $ [37]0x7ff24ac02f20
strlist $ [63]0x7ff24ac02ef0
</srch>
<srch>
strlist $ [38]0x7ff24ac02f50
strlist $ [62]0x7ff24ac02f20
</srch>
<srch>
strlist $ [39]0x7ff24ac02f80
strlist $ [61]0x7ff24ac02f50
</srch>
<srch>
strlist $ [40]0x7ff24ac02fb0
strlist $ [60]0x7ff24ac02f80
</srch>
<srch>
strlist $ [41]0x7ff24ac02fe0
strlist $ [59]0x7ff24ac02fb0
</srch>
<srch>
strlist $ [42]0x7ff24ac03010
strlist $ [58]0x7ff24ac02fe0
</srch>
<srch>
strlist $ [43]0x7ff24ac03040
strlist $ [57]0x7ff24ac03010
</srch>
<srch>
strlist $ [44]0x7ff24ac03070
strlist $ [56]0x7ff24ac03040
</srch>
<srch>
strlist $ [45]0x7ff24ac030a0
strlist $ [55]0x7ff24ac03070
</srch>
<srch>
strlist $ [46]0x7ff24ac030d0
strlist $ [54]0x7ff24ac030a0
</srch>
<srch>
strlist $ [47]0x7ff24ac03100
strlist $ [53]0x7ff24ac030d0
</srch>
<srch>
strlist $ [48]0x7ff24ac03130
strlist $ [52]0x7ff24ac03100
</srch>
<srch>
strlist $ [49]0x7ff24ac03160
strlist $ [51]0x7ff24ac03130
</srch>
<srch>
strlist $ [50]0x7ff24ac03190
strlist $ [50]0x7ff24ac03160
</srch>
<srch>
strlist $ [51]0x7ff24ac031c0
strlist $ [49]0x7ff24ac03190
</srch>
<srch>
strlist $ [52]0x7ff24ac031f0
strlist $ [48]0x7ff24ac031c0
</srch>
<srch>
strlist $ [53]0x7ff24ac03220
strlist $ [47]0x7ff24ac031f0
</srch>
<srch>
strlist $ [54]0x7ff24ac03250
strlist $ [46]0x7ff24ac03220
</srch>
<srch>
strlist $ [55]0x7ff24ac03280
strlist $ [45]0x7ff24ac03250
</srch>
<srch>
strlist $ [56]0x7ff24ac032b0
strlist $ [44]0x7ff24ac03280
</srch>
<srch>
strlist $ [57]0x7ff24ac032e0
strlist $ [43]0x7ff24ac032b0
</srch>
<srch>
strlist $ [58]0x7ff24ac03310
strlist $ [42]0x7ff24ac032e0
</srch>
<srch>
strlist $ [59]0x7ff24ac03340
strlist $ [41]0x7ff24ac03310
</srch>
<srch>
strlist $ [60]0x7ff24ac03370
strlist $ [40]0x7ff24ac03340
</srch>
<srch>
strlist $ [61]0x7ff24ac033a0
strlist $ [39]0x7ff24ac03370
</srch>
<srch>
strlist $ [62]0x7ff24ac033d0
strlist $ [38]0x7ff24ac033a0
</srch>
<srch>
strlist $ [63]0x7ff24ac03400
strlist $ [37]0x7ff24ac033d0
</srch>
<srch>
strlist $ [64]0x7ff24ac03430
strlist $ [36]0x7ff24ac03400
</srch>
<srch>
strlist $ [65]0x7ff24ac03460
strlist $ [35]0x7ff24ac03430
</srch>
<srch>
strlist $ [66]0x7ff24ac03490
strlist $ [34]0x7ff24ac03460
</srch>
<srch>
strlist $ [67]0x7ff24ac034c0
strlist $ [33]0x7ff24ac03490
</srch>
<srch>
strlist $ [68]0x7ff24ac034f0
strlist $ [32]0x7ff24ac034c0
</srch>
<srch>
strlist $ [69]0x7ff24ac03520
strlist $ [31]0x7ff24ac034f0
</srch>
<srch>
strlist $ [70]0x7ff24ac03550
strlist $ [30]0x7ff24ac03520
</srch>
<srch>
strlist $ [71]0x7ff24ac03580
strlist $ [29]0x7ff24ac03550
</srch>
<srch>
strlist $ [72]0x7ff24ac035b0
strlist $ [28]0x7ff24ac03580
</srch>
<srch>
strlist $ [73]0x7ff24ac035e0
strlist $ [27]0x7ff24ac035b0
</srch>
<srch>
strlist $ [74]0x7ff24ac03610
strlist $ [26]0x7ff24ac035e0
</srch>
<srch>
strlist $ [75]0x7ff24ac03640
strlist $ [25]0x7ff24ac03610
</srch>
<srch>
strlist $ [76]0x7ff24ac03670
strlist $ [24]0x7ff24ac03640
</srch>
<srch>
strlist $ [77]0x7ff24ac036a0
strlist $ [23]0x7ff24ac03670
</srch>
<srch>
strlist $ [78]0x7ff24ac036d0
strlist $ [22]0x7ff24ac036a0
</srch>
<srch>
strlist $ [79]0x7ff24ac03700
strlist $ [21]0x7ff24ac036d0
</srch>
<srch>
strlist $ [80]0x7ff24ac03730
strlist $ [20]0x7ff24ac03700
</srch>
<srch>
strlist $ [81]0x7ff24ac03760
strlist $ [19]0x7ff24ac03730
</srch>
<srch>
strlist $ [82]0x7ff24ac03790
strlist $ [18]0x7ff24ac03760
</srch>
<srch>
strlist $ [83]0x7ff24ac037c0
strlist $ [17]0x7ff24ac03790
</srch>
<srch>
strlist $ [84]0x7ff24ac037f0
strlist $ [16]0x7ff24ac037c0
</srch>
<srch>
strlist $ [85]0x7ff24ac03820
strlist $ [15]0x7ff24ac037f0
</srch>
<srch>
strlist $ [86]0x7ff24ac03850
strlist $ [14]0x7ff24ac03820
</srch>
<srch>
strlist $ [87]0x7ff24ac03880
strlist $ [13]0x7ff24ac03850
</srch>
<srch>
strlist $ [88]0x7ff24ac038b0
strlist $ [12]0x7ff24ac03880
</srch>
<srch>
strlist $ [89]0x7ff24ac038e0
strlist $ [11]0x7ff24ac038b0
</srch>
<srch>
strlist $ [90]0x7ff24ac03910
strlist $ [10]0x7ff24ac038e0
</srch>
<srch>
strlist $ [91]0x7ff24ac03940
strlist $ [9]0x7ff24ac03910
</srch>
<srch>
strlist $ [92]0x7ff24ac03970
strlist $ [8]0x7ff24ac03940
</srch>
<srch>
strlist $ [93]0x7ff24ac039a0
strlist $ [7]0x7ff24ac03970
</srch>
<srch>
strlist $ [94]0x7ff24ac039d0
strlist $ [6]0x7ff24ac039a0
</srch>
<srch>
strlist $ [95]0x7ff24ac03a00
strlist $ [5]0x7ff24ac039d0
</srch>
<srch>
strlist $ [96]0x7ff24ac03a30
strlist $ [4]0x7ff24ac03a00
</srch>
<srch>
strlist $ [97]0x7ff24ac03a60
strlist $ [3]0x7ff24ac03a30
</srch>
<srch>
strlist $ [98]0x7ff24ac03a90
strlist $ [2]0x7ff24ac03a60
</srch>
<srch>
strlist $ [99]0x7ff24ac03ac0
strlist $ [1]0x7ff24ac03a90
</srch>
<srch>
strlist $ [100]0x0
strlist $ [0]0x7ff24ac03ac0
</srch>
item ~ : 0x7ff24ac03ac0 0x7ff24ac03ae0 non
item ~ : 0x7ff24ac03a90 0x7ff24ac03ab0 mi,
item ~ : 0x7ff24ac03a60 0x7ff24ac03a80 scelerisque
item ~ : 0x7ff24ac03a30 0x7ff24ac03a50 orci
item ~ : 0x7ff24ac03a00 0x7ff24ac03a20 ex
item ~ : 0x7ff24ac039d0 0x7ff24ac039f0 convallis,
item ~ : 0x7ff24ac039a0 0x7ff24ac039c0 scelerisque
item ~ : 0x7ff24ac03970 0x7ff24ac03990 et
item ~ : 0x7ff24ac03940 0x7ff24ac03960 arcu
item ~ : 0x7ff24ac03910 0x7ff24ac03930 pellentesque,
item ~ : 0x7ff24ac038e0 0x7ff24ac03900 Integer
item ~ : 0x7ff24ac038b0 0x7ff24ac038d0 sodales.
item ~ : 0x7ff24ac03880 0x7ff24ac038a0 sodales
item ~ : 0x7ff24ac03850 0x7ff24ac03870 quis
item ~ : 0x7ff24ac03820 0x7ff24ac03840 magna
item ~ : 0x7ff24ac037f0 0x7ff24ac03810 dapibus
item ~ : 0x7ff24ac037c0 0x7ff24ac037e0 Nam
item ~ : 0x7ff24ac03790 0x7ff24ac037b0 volutpat.
item ~ : 0x7ff24ac03760 0x7ff24ac03780 iaculis
item ~ : 0x7ff24ac03730 0x7ff24ac03750 odio
item ~ : 0x7ff24ac03700 0x7ff24ac03720 sed
item ~ : 0x7ff24ac036d0 0x7ff24ac036f0 dolor
item ~ : 0x7ff24ac036a0 0x7ff24ac036c0 vitae
item ~ : 0x7ff24ac03670 0x7ff24ac03690 Vivamus
item ~ : 0x7ff24ac03640 0x7ff24ac03660 malesuada.
item ~ : 0x7ff24ac03610 0x7ff24ac03630 lobortis
item ~ : 0x7ff24ac035e0 0x7ff24ac03600 semper
item ~ : 0x7ff24ac035b0 0x7ff24ac035d0 sapien
item ~ : 0x7ff24ac03580 0x7ff24ac035a0 egestas
item ~ : 0x7ff24ac03550 0x7ff24ac03570 In
item ~ : 0x7ff24ac03520 0x7ff24ac03540 pharetra.
item ~ : 0x7ff24ac034f0 0x7ff24ac03510 ullamcorper
item ~ : 0x7ff24ac034c0 0x7ff24ac034e0 orci
item ~ : 0x7ff24ac03490 0x7ff24ac034b0 et
item ~ : 0x7ff24ac03460 0x7ff24ac03480 velit
item ~ : 0x7ff24ac03430 0x7ff24ac03450 sed
item ~ : 0x7ff24ac03400 0x7ff24ac03420 Nulla
item ~ : 0x7ff24ac033d0 0x7ff24ac033f0 orci.
item ~ : 0x7ff24ac033a0 0x7ff24ac033c0 varius
item ~ : 0x7ff24ac03370 0x7ff24ac03390 laoreet
item ~ : 0x7ff24ac03340 0x7ff24ac03360 in,
item ~ : 0x7ff24ac03310 0x7ff24ac03330 metus
item ~ : 0x7ff24ac032e0 0x7ff24ac03300 vitae
item ~ : 0x7ff24ac032b0 0x7ff24ac032d0 ultricies
item ~ : 0x7ff24ac03280 0x7ff24ac032a0 nisi,
item ~ : 0x7ff24ac03250 0x7ff24ac03270 erat
item ~ : 0x7ff24ac03220 0x7ff24ac03240 Fusce
item ~ : 0x7ff24ac031f0 0x7ff24ac03210 magna.
item ~ : 0x7ff24ac031c0 0x7ff24ac031e0 vel
item ~ : 0x7ff24ac03190 0x7ff24ac031b0 amet
item ~ : 0x7ff24ac03160 0x7ff24ac03180 sit
item ~ : 0x7ff24ac03130 0x7ff24ac03150 facilisis
item ~ : 0x7ff24ac03100 0x7ff24ac03120 volutpat
item ~ : 0x7ff24ac030d0 0x7ff24ac030f0 dui
item ~ : 0x7ff24ac030a0 0x7ff24ac030c0 eget
item ~ : 0x7ff24ac03070 0x7ff24ac03090 nisl
item ~ : 0x7ff24ac03040 0x7ff24ac03060 quis
item ~ : 0x7ff24ac03010 0x7ff24ac03030 Donec
item ~ : 0x7ff24ac02fe0 0x7ff24ac03000 nisi.
item ~ : 0x7ff24ac02fb0 0x7ff24ac02fd0 tempor
item ~ : 0x7ff24ac02f80 0x7ff24ac02fa0 eu
item ~ : 0x7ff24ac02f50 0x7ff24ac02f70 Etiam
item ~ : 0x7ff24ac02f20 0x7ff24ac02f40 ipsum.
item ~ : 0x7ff24ac02ef0 0x7ff24ac02f10 felis
item ~ : 0x7ff24ac02ec0 0x7ff24ac02ee0 ut
item ~ : 0x7ff24ac02e90 0x7ff24ac02eb0 Sed
item ~ : 0x7ff24ac02e60 0x7ff24ac02e80 eleifend.
item ~ : 0x7ff24ac02e30 0x7ff24ac02e50 vel
item ~ : 0x7ff24ac02e00 0x7ff24ac02e20 massa
item ~ : 0x7ff24ac02dd0 0x7ff24ac02df0 facilisis
item ~ : 0x7ff24ac02da0 0x7ff24ac02dc0 rhoncus
item ~ : 0x7ff24ac02d70 0x7ff24ac02d90 Curabitur
item ~ : 0x7ff24ac02d40 0x7ff24ac02d60 erat.
item ~ : 0x7ff24ac02d10 0x7ff24ac02d30 eu
item ~ : 0x7ff24ac02ce0 0x7ff24ac02d00 rutrum
item ~ : 0x7ff24ac02cb0 0x7ff24ac02cd0 nec,
item ~ : 0x7ff24ac02c80 0x7ff24ac02ca0 porttitor
item ~ : 0x7ff24ac02c50 0x7ff24ac02c70 quis
item ~ : 0x7ff24ac02c20 0x7ff24ac02c40 lobortis
item ~ : 0x7ff24ac02bf0 0x7ff24ac02c10 dolor,
item ~ : 0x7ff24ac02bc0 0x7ff24ac02be0 nulla
item ~ : 0x7ff24ac02b90 0x7ff24ac02bb0 Aenean
item ~ : 0x7ff24ac02b60 0x7ff24ac02b80 mi.
item ~ : 0x7ff24ac02b30 0x7ff24ac02b50 porta
item ~ : 0x7ff24ac02b00 0x7ff24ac02b20 accumsan
item ~ : 0x7ff24ac02ad0 0x7ff24ac02af0 eu,
item ~ : 0x7ff24ac02aa0 0x7ff24ac02ac0 ipsum
item ~ : 0x7ff24ac02a70 0x7ff24ac02a90 eu
item ~ : 0x7ff24ac02a40 0x7ff24ac02a60 varius
item ~ : 0x7ff24ac02a10 0x7ff24ac02a30 nisl,
item ~ : 0x7ff24ac029e0 0x7ff24ac02a00 elit
item ~ : 0x7ff24ac029b0 0x7ff24ac029d0 Vestibulum
item ~ : 0x7ff24ac02980 0x7ff24ac029a0 elit.
item ~ : 0x7ff24ac02950 0x7ff24ac02970 adipiscing
item ~ : 0x7ff24ac02930 0x7ff24ac02920 consectetur
item ~ : 0x7ff24ac028f0 0x7ff24ac02910 amet,
item ~ : 0x7ff24ac028c0 0x7ff24ac028e0 sit
item ~ : 0x7ff24ac02890 0x7ff24ac028b0 dolor
item ~ : 0x7ff24ac02850 0x7ff24ac02880 ipsum
item ~ : 0x7ff24ac02830 0x7ff24ac02870 Lorem